2024-03-31 11:08:33,280:INFO:PyCaret Supervised Module
2024-03-31 11:08:33,295:INFO:ML Usecase: regression
2024-03-31 11:08:33,297:INFO:version 2.3.10
2024-03-31 11:08:33,297:INFO:Initializing setup()
2024-03-31 11:08:33,298:INFO:setup(target=date, ml_usecase=regression, available_plots={'parameter': 'Hyperparameters', 'residuals': 'Residuals', 'error': 'Prediction Error', 'cooks': 'Cooks Distance', 'rfe': 'Feature Selection', 'learning': 'Learning Curve', 'manifold': 'Manifold Learning', 'vc': 'Validation Curve', 'feature': 'Feature Importance', 'feature_all': 'Feature Importance (All)', 'tree': 'Decision Tree', 'residuals_interactive': 'Interactive Residuals'}, train_size=0.7, test_data=None, preprocess=True, imputation_type=simple, iterative_imputation_iters=5, categorical_features=None, categorical_imputation=constant, categorical_iterative_imputer=lightgbm, ordinal_features=None, high_cardinality_features=None, high_cardinality_method=frequency, numeric_features=None, numeric_imputation=mean, numeric_iterative_imputer=lightgbm, date_features=None, ignore_features=None, normalize=False, normalize_method=zscore, transformation=False, transformation_method=yeo-johnson, handle_unknown_categorical=True, unknown_categorical_method=least_frequent, pca=False, pca_method=linear, pca_components=None, ignore_low_variance=False, combine_rare_levels=False, rare_level_threshold=0.1, bin_numeric_features=None, remove_outliers=False, outliers_threshold=0.05, remove_multicollinearity=False, multicollinearity_threshold=0.9, remove_perfect_collinearity=True, create_clusters=False, cluster_iter=20, polynomial_features=False, polynomial_degree=2, trigonometry_features=False, polynomial_threshold=0.1, group_features=None, group_names=None, feature_selection=False, feature_selection_threshold=0.8, feature_selection_method=classic, feature_interaction=False, feature_ratio=False, interaction_threshold=0.01, fix_imbalance=False, fix_imbalance_method=None, transform_target=False, transform_target_method=box-cox, data_split_shuffle=True, data_split_stratify=False, fold_strategy=kfold, fold=10, fold_shuffle=False, fold_groups=None, n_jobs=-1, use_gpu=False, custom_pipeline=None, html=True, session_id=None, log_experiment=False, experiment_name=None, experiment_custom_tags=None, log_plots=False, log_profile=False, log_data=False, silent=False, verbose=False, profile=False, profile_kwargs=None, display=None)
2024-03-31 11:08:33,301:INFO:Checking environment
2024-03-31 11:08:33,301:INFO:python_version: 3.8.0
2024-03-31 11:08:33,301:INFO:python_build: ('default', 'Nov  6 2019 16:00:02')
2024-03-31 11:08:33,301:INFO:machine: AMD64
2024-03-31 11:08:33,301:INFO:platform: Windows-10-10.0.22621-SP0
2024-03-31 11:08:33,301:INFO:Memory: svmem(total=16541655040, available=7741091840, percent=53.2, used=8800563200, free=7741091840)
2024-03-31 11:08:33,301:INFO:Physical Core: 8
2024-03-31 11:08:33,301:INFO:Logical Core: 16
2024-03-31 11:08:33,304:INFO:Checking libraries
2024-03-31 11:08:33,304:INFO:pd==1.5.1
2024-03-31 11:08:33,304:INFO:numpy==1.20.3
2024-03-31 11:08:33,304:INFO:sklearn==0.23.2
2024-03-31 11:08:33,304:INFO:lightgbm==3.3.3
2024-03-31 11:08:33,304:WARNING:catboost not found
2024-03-31 11:08:33,304:WARNING:xgboost not found
2024-03-31 11:08:33,304:INFO:mlflow==1.30.0
2024-03-31 11:08:33,304:INFO:Checking Exceptions
2024-03-31 11:08:33,304:INFO:Declaring global variables
2024-03-31 11:08:33,304:INFO:USI: 57dd
2024-03-31 11:08:33,304:INFO:pycaret_globals: {'log_plots_param', '_all_models_internal', 'transform_target_param', 'html_param', 'dashboard_logger', 'display_container', 'X_test', '_available_plots', 'iterative_imputation_iters_param', '_gpu_n_jobs_param', 'prep_pipe', 'n_jobs_param', 'pycaret_globals', 'create_model_container', '_all_metrics', 'gpu_param', 'logging_param', 'fold_groups_param_full', 'imputation_classifier', 'stratify_param', 'fold_shuffle_param', 'fix_imbalance_param', 'data_before_preprocess', 'USI', 'seed', '_all_models', '_ml_usecase', 'experiment__', 'imputation_regressor', 'X_train', 'target_param', 'y_test', 'X', '_internal_pipeline', 'y', 'y_train', 'exp_name_log', 'fix_imbalance_method_param', 'transform_target_method_param', 'fold_groups_param', 'fold_generator', 'fold_param', 'master_model_container'}
2024-03-31 11:08:33,304:INFO:Preparing display monitor
2024-03-31 11:08:33,304:INFO:Importing libraries
2024-03-31 11:08:33,304:INFO:Copying data for preprocessing
2024-03-31 11:08:33,312:INFO:Declaring preprocessing parameters
2024-03-31 11:08:33,312:INFO:Creating preprocessing pipeline
2024-03-31 11:08:33,400:INFO:Preprocessing pipeline created successfully
2024-03-31 11:08:33,400:ERROR:(Process Exit): setup has been interupted with user command 'quit'. setup must rerun.
2024-03-31 11:08:33,400:INFO:Creating global containers
2024-03-31 11:08:33,400:INFO:Internal pipeline: Pipeline(memory=None, steps=[('empty_step', 'passthrough')], verbose=False)
